Thu Sep 05 15:28:23 CAT 2019 : Apache Derby Network Server - 10.10.2.0 - (1582446) started and ready to accept connections on port 1527
----------------------------------------------------------------
Thu Sep 05 15:28:24 CAT 2019:
Booting Derby version The Apache Software Foundation - Apache Derby - 10.10.2.0 - (1582446): instance a816c00e-016d-019c-9764-000061cd8b25 
on database directory C:\Users\Neil\Documents\Code College Bootcamp\AdvJava\Projects\ProjectGithub\Employees\18-JDBC\practice1\SimpleJDBC18-01Prac\EmployeeDB with class loader jdk.internal.loader.ClassLoaders$AppClassLoader@2cdf8d8a 
Loaded from file:/C:/Program%20Files/glassfish-4.1.1/javadb/lib/derby.jar
java.vendor=Amazon.com Inc.
java.runtime.version=11.0.4+11-LTS
user.dir=C:\Program Files\glassfish-4.1.1\javadb
os.name=Windows 10
os.arch=amd64
os.version=10.0
derby.system.home=C:\Users\Neil\Documents\Code College Bootcamp\AdvJava\Projects\ProjectGithub\Employees\18-JDBC\practice1\SimpleJDBC18-01Prac
Database Class Loader started - derby.database.classpath=''
----------------------------------------------------------------
Thu Sep 05 15:28:37 CAT 2019:
Shutting down instance a816c00e-016d-019c-9764-000061cd8b25 on database directory C:\Users\Neil\Documents\Code College Bootcamp\AdvJava\Projects\ProjectGithub\Employees\18-JDBC\practice1\SimpleJDBC18-01Prac\EmployeeDB with class loader jdk.internal.loader.ClassLoaders$AppClassLoader@2cdf8d8a 
Thu Sep 05 15:28:37 CAT 2019 Thread[DRDAConnThread_3,5,main] (DATABASE = EmployeeDB), (DRDAID = {2}), Database 'EmployeeDB' shutdown.
----------------------------------------------------------------
Thu Sep 05 15:29:15 CAT 2019:
Booting Derby version The Apache Software Foundation - Apache Derby - 10.10.2.0 - (1582446): instance 560740aa-016d-019c-9764-000061cd8b25 
on database directory C:\Users\Neil\Documents\Code College Bootcamp\AdvJava\Projects\ProjectGithub\Employees\18-JDBC\practice1\SimpleJDBC18-01Prac\EmployeeDB with class loader jdk.internal.loader.ClassLoaders$AppClassLoader@2cdf8d8a 
Loaded from file:/C:/Program%20Files/glassfish-4.1.1/javadb/lib/derby.jar
java.vendor=Amazon.com Inc.
java.runtime.version=11.0.4+11-LTS
user.dir=C:\Program Files\glassfish-4.1.1\javadb
os.name=Windows 10
os.arch=amd64
os.version=10.0
derby.system.home=C:\Users\Neil\Documents\Code College Bootcamp\AdvJava\Projects\ProjectGithub\Employees\18-JDBC\practice1\SimpleJDBC18-01Prac
Database Class Loader started - derby.database.classpath=''
----------------------------------------------------------------
Thu Sep 05 17:32:14 CAT 2019: Shutting down Derby engine
